2015-05-29 04:38:18 [127.0.0.1][-][-][error][yii\db\Exception] exception 'PDOException' with message 'SQLSTATE[28000] [1045] Access denied for user 'root'@'localhost' (using password: NO)' in /var/www/Tue227/findnex/vendor/yiisoft/yii2/db/Connection.php:579
Stack trace:
#0 /var/www/Tue227/findnex/vendor/yiisoft/yii2/db/Connection.php(579): PDO->__construct('mysql:host=loca...', 'root', '', NULL)
#1 /var/www/Tue227/findnex/vendor/yiisoft/yii2/db/Connection.php(529): yii\db\Connection->createPdoInstance()
#2 /var/www/Tue227/findnex/vendor/yiisoft/yii2/db/Connection.php(836): yii\db\Connection->open()
#3 /var/www/Tue227/findnex/vendor/yiisoft/yii2/db/Connection.php(823): yii\db\Connection->getMasterPdo()
#4 /var/www/Tue227/findnex/vendor/yiisoft/yii2/db/Schema.php(444): yii\db\Connection->getSlavePdo()
#5 /var/www/Tue227/findnex/vendor/yiisoft/yii2/db/Connection.php(732): yii\db\Schema->quoteValue('admin')
#6 /var/www/Tue227/findnex/vendor/yiisoft/yii2/db/Command.php(164): yii\db\Connection->quoteValue('admin')
#7 /var/www/Tue227/findnex/vendor/yiisoft/yii2/db/Command.php(794): yii\db\Command->getRawSql()
#8 /var/www/Tue227/findnex/vendor/yiisoft/yii2/db/Command.php(363): yii\db\Command->queryInternal('fetch', NULL)
#9 /var/www/Tue227/findnex/vendor/yiisoft/yii2/db/Query.php(243): yii\db\Command->queryOne()
#10 /var/www/Tue227/findnex/vendor/yiisoft/yii2/db/ActiveQuery.php(285): yii\db\Query->one(NULL)
#11 /var/www/Tue227/findnex/vendor/yiisoft/yii2/db/BaseActiveRecord.php(101): yii\db\ActiveQuery->one()
#12 /var/www/Tue227/findnex/common/models/User.php(82): yii\db\BaseActiveRecord::findOne(Array)
#13 /var/www/Tue227/findnex/common/models/LoginForm.php(73): common\models\User::findByUsername('admin')
#14 /var/www/Tue227/findnex/common/models/LoginForm.php(44): common\models\LoginForm->getUser()
#15 [internal function]: common\models\LoginForm->validatePassword('password', NULL)
#16 /var/www/Tue227/findnex/vendor/yiisoft/yii2/validators/InlineValidator.php(69): call_user_func(Array, 'password', NULL)
#17 /var/www/Tue227/findnex/vendor/yiisoft/yii2/validators/Validator.php(240): yii\validators\InlineValidator->validateAttribute(Object(common\models\LoginForm), 'password')
#18 /var/www/Tue227/findnex/vendor/yiisoft/yii2/base/Model.php(351): yii\validators\Validator->validateAttributes(Object(common\models\LoginForm), Array)
#19 /var/www/Tue227/findnex/common/models/LoginForm.php(58): yii\base\Model->validate()
#20 /var/www/Tue227/findnex/frontend/controllers/SiteController.php(80): common\models\LoginForm->login()
#21 [internal function]: frontend\controllers\SiteController->actionLogin()
#22 /var/www/Tue227/findnex/vendor/yiisoft/yii2/base/InlineAction.php(55): call_user_func_array(Array, Array)
#23 /var/www/Tue227/findnex/vendor/yiisoft/yii2/base/Controller.php(151): yii\base\InlineAction->runWithParams(Array)
#24 /var/www/Tue227/findnex/vendor/yiisoft/yii2/base/Module.php(455): yii\base\Controller->runAction('login', Array)
#25 /var/www/Tue227/findnex/vendor/yiisoft/yii2/web/Application.php(84): yii\base\Module->runAction('site/login', Array)
#26 /var/www/Tue227/findnex/vendor/yiisoft/yii2/base/Application.php(375): yii\web\Application->handleRequest(Object(yii\web\Request))
#27 /var/www/Tue227/findnex/frontend/web/index.php(18): yii\base\Application->run()
#28 {main}

Next exception 'yii\db\Exception' with message 'SQLSTATE[28000] [1045] Access denied for user 'root'@'localhost' (using password: NO)' in /var/www/Tue227/findnex/vendor/yiisoft/yii2/db/Connection.php:534
Stack trace:
#0 /var/www/Tue227/findnex/vendor/yiisoft/yii2/db/Connection.php(836): yii\db\Connection->open()
#1 /var/www/Tue227/findnex/vendor/yiisoft/yii2/db/Connection.php(823): yii\db\Connection->getMasterPdo()
#2 /var/www/Tue227/findnex/vendor/yiisoft/yii2/db/Schema.php(444): yii\db\Connection->getSlavePdo()
#3 /var/www/Tue227/findnex/vendor/yiisoft/yii2/db/Connection.php(732): yii\db\Schema->quoteValue('admin')
#4 /var/www/Tue227/findnex/vendor/yiisoft/yii2/db/Command.php(164): yii\db\Connection->quoteValue('admin')
#5 /var/www/Tue227/findnex/vendor/yiisoft/yii2/db/Command.php(794): yii\db\Command->getRawSql()
#6 /var/www/Tue227/findnex/vendor/yiisoft/yii2/db/Command.php(363): yii\db\Command->queryInternal('fetch', NULL)
#7 /var/www/Tue227/findnex/vendor/yiisoft/yii2/db/Query.php(243): yii\db\Command->queryOne()
#8 /var/www/Tue227/findnex/vendor/yiisoft/yii2/db/ActiveQuery.php(285): yii\db\Query->one(NULL)
#9 /var/www/Tue227/findnex/vendor/yiisoft/yii2/db/BaseActiveRecord.php(101): yii\db\ActiveQuery->one()
#10 /var/www/Tue227/findnex/common/models/User.php(82): yii\db\BaseActiveRecord::findOne(Array)
#11 /var/www/Tue227/findnex/common/models/LoginForm.php(73): common\models\User::findByUsername('admin')
#12 /var/www/Tue227/findnex/common/models/LoginForm.php(44): common\models\LoginForm->getUser()
#13 [internal function]: common\models\LoginForm->validatePassword('password', NULL)
#14 /var/www/Tue227/findnex/vendor/yiisoft/yii2/validators/InlineValidator.php(69): call_user_func(Array, 'password', NULL)
#15 /var/www/Tue227/findnex/vendor/yiisoft/yii2/validators/Validator.php(240): yii\validators\InlineValidator->validateAttribute(Object(common\models\LoginForm), 'password')
#16 /var/www/Tue227/findnex/vendor/yiisoft/yii2/base/Model.php(351): yii\validators\Validator->validateAttributes(Object(common\models\LoginForm), Array)
#17 /var/www/Tue227/findnex/common/models/LoginForm.php(58): yii\base\Model->validate()
#18 /var/www/Tue227/findnex/frontend/controllers/SiteController.php(80): common\models\LoginForm->login()
#19 [internal function]: frontend\controllers\SiteController->actionLogin()
#20 /var/www/Tue227/findnex/vendor/yiisoft/yii2/base/InlineAction.php(55): call_user_func_array(Array, Array)
#21 /var/www/Tue227/findnex/vendor/yiisoft/yii2/base/Controller.php(151): yii\base\InlineAction->runWithParams(Array)
#22 /var/www/Tue227/findnex/vendor/yiisoft/yii2/base/Module.php(455): yii\base\Controller->runAction('login', Array)
#23 /var/www/Tue227/findnex/vendor/yiisoft/yii2/web/Application.php(84): yii\base\Module->runAction('site/login', Array)
#24 /var/www/Tue227/findnex/vendor/yiisoft/yii2/base/Application.php(375): yii\web\Application->handleRequest(Object(yii\web\Request))
#25 /var/www/Tue227/findnex/frontend/web/index.php(18): yii\base\Application->run()
#26 {main}
Additional Information:

2015-05-29 04:38:18 [127.0.0.1][-][-][info][application] $_GET = [
    'r' => 'site/login'
]

$_POST = [
    '_csrf' => 'SURmOXhrZmc6dD5JOSolD38HLmMyKiQUAw0JdghdSyElFQxDPlsMFg=='
    'LoginForm' => [
        'username' => 'admin'
        'password' => 'admin'
        'rememberMe' => '1'
    ]
    'login-button' => ''
]

$_COOKIE = [
    'PHPSESSID' => 'iaoajag094c9o3bikgsjkc0lk4'
    '_csrf' => '719e3d2df604bf83cd36337581c6a6808a17005a8164b27ac2c97357ae30c78ea:2:{i:0;s:5:\"_csrf\";i:1;s:32:\"s0XpAACh6CHZJABsJIoOp6-FlQjzF0jq\";}'
]

$_SESSION = [
    '__flash' => []
    '__returnUrl' => '/'
]

$_SERVER = [
    'HTTP_HOST' => 'findnex.loc'
    'HTTP_CONNECTION' => 'keep-alive'
    'CONTENT_LENGTH' => '196'
    'HTTP_CACHE_CONTROL' => 'max-age=0'
    'HTTP_ACCEPT' => 'text/html,application/xhtml+xml,application/xml;q=0.9,image/webp,*/*;q=0.8'
    'HTTP_ORIGIN' => 'http://findnex.loc'
    'HTTP_USER_AGENT' => 'Mozilla/5.0 (X11; Linux i686) AppleWebKit/537.36 (KHTML, like Gecko) Chrome/43.0.2357.81 Safari/537.36'
    'CONTENT_TYPE' => 'application/x-www-form-urlencoded'
    'HTTP_REFERER' => 'http://findnex.loc/index.php?r=site%2Flogin'
    'HTTP_ACCEPT_ENCODING' => 'gzip, deflate'
    'HTTP_ACCEPT_LANGUAGE' => 'vi-VN,vi;q=0.8,fr-FR;q=0.6,fr;q=0.4,en-US;q=0.2,en;q=0.2'
    'HTTP_COOKIE' => 'PHPSESSID=iaoajag094c9o3bikgsjkc0lk4; _csrf=719e3d2df604bf83cd36337581c6a6808a17005a8164b27ac2c97357ae30c78ea%3A2%3A%7Bi%3A0%3Bs%3A5%3A%22_csrf%22%3Bi%3A1%3Bs%3A32%3A%22s0XpAACh6CHZJABsJIoOp6-FlQjzF0jq%22%3B%7D'
    'PATH' => '/usr/local/sbin:/usr/local/bin:/usr/sbin:/usr/bin:/sbin:/bin'
    'SERVER_SIGNATURE' => '<address>Apache/2.4.12 (Ubuntu) Server at findnex.loc Port 80</address>
'
    'SERVER_SOFTWARE' => 'Apache/2.4.12 (Ubuntu)'
    'SERVER_NAME' => 'findnex.loc'
    'SERVER_ADDR' => '127.0.0.1'
    'SERVER_PORT' => '80'
    'REMOTE_ADDR' => '127.0.0.1'
    'DOCUMENT_ROOT' => '/var/www/Tue227/findnex/frontend/web/'
    'REQUEST_SCHEME' => 'http'
    'CONTEXT_PREFIX' => ''
    'CONTEXT_DOCUMENT_ROOT' => '/var/www/Tue227/findnex/frontend/web/'
    'SERVER_ADMIN' => 'admin@findnex'
    'SCRIPT_FILENAME' => '/var/www/Tue227/findnex/frontend/web/index.php'
    'REMOTE_PORT' => '54667'
    'GATEWAY_INTERFACE' => 'CGI/1.1'
    'SERVER_PROTOCOL' => 'HTTP/1.1'
    'REQUEST_METHOD' => 'POST'
    'QUERY_STRING' => 'r=site%2Flogin'
    'REQUEST_URI' => '/index.php?r=site%2Flogin'
    'SCRIPT_NAME' => '/index.php'
    'PHP_SELF' => '/index.php'
    'REQUEST_TIME_FLOAT' => 1432874298.313
    'REQUEST_TIME' => 1432874298
]
